<testsuite name="Mocha Tests" tests="18" failures="0" errors="0" skipped="0" timestamp="Mon, 28 Aug 2023 16:16:37 GMT" time="0.415">
<testcase classname="[POST] /auth/refreshtoken" name="Should refresh the auth token successfully" time="0.019"/>
<testcase classname="[POST] /auth/refreshtoken" name="Refresh token is required" time="0.003"/>
<testcase classname="[POST] /auth/signing" name="Should login successfully" time="0.03"/>
<testcase classname="[POST] /auth/signing" name="Email is required" time="0.002"/>
<testcase classname="[POST] /auth/signing" name="Password is required" time="0.003"/>
<testcase classname="[POST] /auth/signing" name="Should not allow empty body" time="0.002"/>
<testcase classname="[POST] /auth/signing" name="Validate response on invalid credentials" time="0.007"/>
<testcase classname="[POST] /auth/signup" name="Should register successfully" time="0.032"/>
<testcase classname="[POST] /auth/signup" name="Name is required" time="0.003"/>
<testcase classname="[POST] /auth/signup" name="Email is required" time="0.002"/>
<testcase classname="[POST] /auth/signup" name="Password is required" time="0.001"/>
<testcase classname="[POST] /auth/signup" name="Should not allow empty body" time="0.002"/>
<testcase classname="[POST] /auth/signup" name="Should not allow not valid email" time="0.002"/>
<testcase classname="[POST] /auth/signup" name="Should not allow duplicate user emails" time="0.04"/>
<testcase classname="[POST] /auth/signup" name="Should allow duplicate user names" time="0.063"/>
<testcase classname="[GET] /ping" name="Should responds &#x22;pong&#x22;" time="0.001"/>
<testcase classname="[GET] /api/users/me" name="Should get current user data&#x22; with Auth token" time="0.01"/>
<testcase classname="[GET] /api/users/me" name="Should get current user data&#x22; without Auth token" time="0.001"/>
</testsuite>
